[debug] [2023-07-24T18:01:38.573Z] ----------------------------------------------------------------------
[debug] [2023-07-24T18:01:38.575Z] Command:       /usr/local/bin/firebase /Users/arunkumar/.cache/firebase/tools/lib/node_modules/firebase-tools/lib/bin/firebase init
[debug] [2023-07-24T18:01:38.576Z] CLI Version:   12.4.5
[debug] [2023-07-24T18:01:38.576Z] Platform:      darwin
[debug] [2023-07-24T18:01:38.576Z] Node Version:  v16.16.0
[debug] [2023-07-24T18:01:38.580Z] Time:          Mon Jul 24 2023 23:31:38 GMT+0530 (India Standard Time)
[debug] [2023-07-24T18:01:38.581Z] ----------------------------------------------------------------------
[debug] 
[debug] [2023-07-24T18:01:38.591Z] > command requires scopes: ["email","openid","https://www.googleapis.com/auth/cloudplatformprojects.readonly","https://www.googleapis.com/auth/firebase","https://www.googleapis.com/auth/cloud-platform"]
[debug] [2023-07-24T18:01:38.592Z] > authorizing via signed-in user (kravikant249@gmail.com)
[info] 
     ######## #### ########  ######## ########     ###     ######  ########
     ##        ##  ##     ## ##       ##     ##  ##   ##  ##       ##
     ######    ##  ########  ######   ########  #########  ######  ######
     ##        ##  ##    ##  ##       ##     ## ##     ##       ## ##
     ##       #### ##     ## ######## ########  ##     ##  ######  ########

You're about to initialize a Firebase project in this directory:

  /Users/arunkumar/Web Dev Fundamentals Certification Exam - Test 2

[info] 
=== Project Setup
[info] 
[info] First, let's associate this project directory with a Firebase project.
[info] You can create multiple project aliases by running firebase use --add, 
[info] but for now we'll just set up a default project.
[info] 
[debug] [2023-07-24T18:04:02.897Z] >>> [apiv2][query] GET https://firebase.googleapis.com/v1beta1/projects pageSize=100
[debug] [2023-07-24T18:04:06.142Z] <<< [apiv2][status] GET https://firebase.googleapis.com/v1beta1/projects 200
[debug] [2023-07-24T18:04:06.143Z] <<< [apiv2][body] GET https://firebase.googleapis.com/v1beta1/projects [omitted]
[info] i  Using project iplteaminfowebapp (IplTeamInfoWebApp) 
[info] 
=== Hosting Setup
[info] 
[info] Your public directory is the folder (relative to your project directory) that
[info] will contain Hosting assets to be uploaded with firebase deploy. If you
[info] have a build process for your assets, use your build's output directory.
[info] 
